T8798 000:001.745   SEGGER J-Link V7.92o Log File
T8798 000:001.956   DLL Compiled: Nov  8 2023 15:40:38
T8798 000:001.993   Logging started @ 2024-02-22 23:22
T8798 000:002.027   Process: C:\Users\a5138119\.eclipse\com.renesas.platform_1726449082\DebugComp\RA\e2-server-gdb.exe
T8798 000:002.064 - 2.061ms
T8798 000:002.107 JLINK_GetDLLVersion()
T8798 000:002.145 - 0.038ms returns 79215
T8798 000:003.065 JLINK_OpenEx(...)
T8798 000:021.204   Firmware: J-Link OB-RA4M2 compiled Oct 30 2023 12:13:20
T8798 000:022.063   Firmware: J-Link OB-RA4M2 compiled Oct 30 2023 12:13:20
T8798 000:036.235   Hardware: V1.00
T8798 000:036.347   S/N: 1088996748
T8798 000:036.404   OEM: SEGGER
T8798 000:036.460   Feature(s): None
T8798 000:037.517   Bootloader: 2021 May 14
T8798 000:038.355   USB speed mode: Full speed (12 MBit/s)
T8798 000:038.928   TELNET listener socket opened on port 19021
T8798 000:039.290   WEBSRV WEBSRV_Init(): Starting webserver thread(s)
T8798 000:039.654   WEBSRV Webserver running on local port 19080
T8798 000:039.953   Looking for J-Link GUI Server exe at: C:\Users\a5138119\.eclipse\com.renesas.platform_1726449082\DebugComp\RA\ARM\Segger_v7.92.15\JLinkGUIServer.exe
T8798 000:040.240   Looking for J-Link GUI Server exe at: \JLinkGUIServer.exe
T8798 000:342.577   Failed to connect to J-Link GUI Server.
T8798 000:342.662 - 339.591ms returns "O.K."
T8798 000:342.894 JLINK_TIF_Select(JLINKARM_TIF_SWD)
T8798 000:343.613 - 0.717ms returns 0x00
T8798 000:343.670 JLINK_ClrRESET()
T8798 000:343.971 - 0.300ms
T8798 000:394.199 JLINK_SetSpeed(1500)
T8798 000:394.469 - 0.271ms
T8798 000:394.546 JLINK_CORESIGHT_Configure(PerformTIFInit=0)
T8798 000:395.039 - 0.498ms returns 0
T8798 000:395.113 JLINK_CORESIGHT_ReadAPDPReg(DP reg 0x00)
T8798 000:396.111   Value=0x6BA02477
T8798 000:396.231 - 1.118ms returns 0
T8798 000:396.276 JLINK_CORESIGHT_WriteAPDPReg(DP reg 0x00, 0x0000001F)
T8798 000:396.627 - 0.350ms returns 0
T8798 000:396.691 JLINK_CORESIGHT_ReadAPDPReg(DP reg 0x00)
T8798 000:397.038   Value=0x6BA02477
T8798 000:397.110 - 0.419ms returns 0
T8798 000:397.153 JLINK_CORESIGHT_WriteAPDPReg(DP reg 0x02, 0x00000000)
T8798 000:397.486 - 0.333ms returns 0
T8798 000:397.543 JLINK_CORESIGHT_WriteAPDPReg(DP reg 0x01, 0x50000000)
T8798 000:397.866 - 0.323ms returns 0
T8798 000:397.923 JLINK_CORESIGHT_ReadAPDPReg(DP reg 0x01)
T8798 000:398.235   Value=0xF0000040
T8798 000:398.303 - 0.380ms returns 0
T8798 000:398.344 JLINK_CORESIGHT_WriteAPDPReg(DP reg 0x00, 0x0000001F)
T8798 000:398.620 - 0.276ms returns 0
T8798 000:398.677 JLINK_CORESIGHT_ReadAPDPReg(DP reg 0x00)
T8798 000:398.959   Value=0x6BA02477
T8798 000:399.029 - 0.352ms returns 0
T8798 000:399.069 JLINK_CORESIGHT_WriteAPDPReg(DP reg 0x01, 0x54000000)
T8798 000:399.313 - 0.243ms returns 0
T8798 000:399.369 JLINK_CORESIGHT_WriteAPDPReg(DP reg 0x01, 0x50000F00)
T8798 000:399.648 - 0.278ms returns 0
T8798 000:399.705 JLINK_CORESIGHT_WriteAPDPReg(DP reg 0x02, 0x01000000)
T8798 000:399.921 - 0.216ms returns 0
T8798 000:399.981 JLINK_CORESIGHT_WriteAPDPReg(AP reg 0x00, 0x80000002)
T8798 000:400.242 - 0.260ms returns 0
T8798 000:400.299 JLINK_CORESIGHT_WriteAPDPReg(AP reg 0x01, 0x80011100)
T8798 000:400.555 - 0.256ms returns 0
T8798 000:400.614 JLINK_CORESIGHT_WriteAPDPReg(AP reg 0x03, 0x000000A5)
T8798 000:400.859 - 0.244ms returns 0
T8798 000:400.910 JLINK_CORESIGHT_WriteAPDPReg(AP reg 0x00, 0x80000002)
T8798 000:401.115 - 0.205ms returns 0
T8798 000:401.165 JLINK_CORESIGHT_WriteAPDPReg(AP reg 0x01, 0x80011100)
T8798 000:401.373 - 0.207ms returns 0
T8798 000:401.422 JLINK_CORESIGHT_ReadAPDPReg(AP reg 0x03)
T8798 000:401.703   Value=0x000000A5
T8798 000:401.774 - 0.351ms returns 0
T8798 000:402.676 JLINK_ClrTMS()
T8798 000:402.785 - 0.109ms
T8798 000:408.503 JLINK_SetTCK()
T8798 000:408.724 - 0.221ms returns 0
T8798 000:414.867 JLINK_SetRESET()
T8798 000:415.493 - 0.625ms
T8798 000:616.808 JLINK_CORESIGHT_WriteAPDPReg(AP reg 0x00, 0x80000002)
T8798 000:617.542 - 0.735ms returns 0
T8798 000:617.821 JLINK_CORESIGHT_WriteAPDPReg(AP reg 0x01, 0x80011100)
T8798 000:618.627 - 0.805ms returns 0
T8798 000:618.908 JLINK_CORESIGHT_ReadAPDPReg(AP reg 0x03)
T8798 000:619.650   Value=0x00000000
T8798 000:620.201 - 1.291ms returns 0
T8798 000:620.397 JLINK_CORESIGHT_WriteAPDPReg(AP reg 0x00, 0x80000002)
T8798 000:621.091 - 0.693ms returns 0
T8798 000:621.356 JLINK_CORESIGHT_WriteAPDPReg(AP reg 0x01, 0x80011140)
T8798 000:622.012 - 0.655ms returns 0
T8798 000:622.282 JLINK_CORESIGHT_ReadAPDPReg(AP reg 0x03)
T8798 000:623.079   Value=0x00000002
T8798 000:623.426 - 1.143ms returns 0
T8798 000:623.618 JLINK_CORESIGHT_WriteAPDPReg(AP reg 0x00, 0x80000002)
T8798 000:624.259 - 0.641ms returns 0
T8798 000:624.528 JLINK_CORESIGHT_WriteAPDPReg(AP reg 0x01, 0x80011120)
T8798 000:625.173 - 0.645ms returns 0
T8798 000:625.438 JLINK_CORESIGHT_WriteAPDPReg(AP reg 0x03, 0x00000055)
T8798 000:626.020 - 0.581ms returns 0
T8798 000:626.271 JLINK_CORESIGHT_WriteAPDPReg(AP reg 0x00, 0x80000002)
T8798 000:626.927 - 0.655ms returns 0
T8798 000:627.120 JLINK_CORESIGHT_WriteAPDPReg(AP reg 0x01, 0x80011140)
T8798 000:627.571 - 0.451ms returns 0
T8798 000:627.748 JLINK_CORESIGHT_ReadAPDPReg(AP reg 0x03)
T8798 000:628.357   Value=0x00000000
T8798 000:628.598 - 0.849ms returns 0
T8798 000:628.778 JLINK_CORESIGHT_WriteAPDPReg(AP reg 0x00, 0x80000002)
T8798 000:629.275 - 0.496ms returns 0
T8798 000:629.460 JLINK_CORESIGHT_WriteAPDPReg(AP reg 0x01, 0x80011130)
T8798 000:629.990 - 0.529ms returns 0
T8798 000:630.159 JLINK_CORESIGHT_ReadAPDPReg(AP reg 0x03)
T8798 000:630.616   Value=0x000000C6
T8798 000:630.679 - 0.522ms returns 0
T8798 000:630.720 JLINK_CORESIGHT_WriteAPDPReg(AP reg 0x00, 0x80000002)
T8798 000:631.029 - 0.308ms returns 0
T8798 000:631.076 JLINK_CORESIGHT_WriteAPDPReg(AP reg 0x01, 0x80011140)
T8798 000:631.332 - 0.255ms returns 0
T8798 000:631.379 JLINK_CORESIGHT_ReadAPDPReg(AP reg 0x03)
T8798 000:631.659   Value=0x00000002
T8798 000:631.763 - 0.384ms returns 0
T8798 000:631.799 JLINK_CORESIGHT_WriteAPDPReg(AP reg 0x00, 0x80000002)
T8798 000:631.997 - 0.198ms returns 0
T8798 000:632.045 JLINK_CORESIGHT_WriteAPDPReg(AP reg 0x01, 0x80011120)
T8798 000:632.253 - 0.207ms returns 0
T8798 000:632.300 JLINK_CORESIGHT_WriteAPDPReg(AP reg 0x03, 0x3A010001)
T8798 000:632.502 - 0.202ms returns 0
T8798 000:632.550 JLINK_CORESIGHT_WriteAPDPReg(AP reg 0x00, 0x80000002)
T8798 000:632.806 - 0.256ms returns 0
T8798 000:632.855 JLINK_CORESIGHT_WriteAPDPReg(AP reg 0x01, 0x80011140)
T8798 000:633.080 - 0.225ms returns 0
T8798 000:633.129 JLINK_CORESIGHT_ReadAPDPReg(AP reg 0x03)
T8798 000:633.383   Value=0x00000002
T8798 000:633.444 - 0.314ms returns 0
T8798 000:633.480 JLINK_CORESIGHT_WriteAPDPReg(AP reg 0x00, 0x80000002)
T8798 000:633.681 - 0.200ms returns 0
T8798 000:633.728 JLINK_CORESIGHT_WriteAPDPReg(AP reg 0x01, 0x80011120)
T8798 000:633.930 - 0.201ms returns 0
T8798 000:633.977 JLINK_CORESIGHT_WriteAPDPReg(AP reg 0x03, 0x000003C5)
T8798 000:634.203 - 0.225ms returns 0
T8798 000:634.292 JLINK_CORESIGHT_WriteAPDPReg(AP reg 0x00, 0x80000002)
T8798 000:634.515 - 0.223ms returns 0
T8798 000:634.563 JLINK_CORESIGHT_WriteAPDPReg(AP reg 0x01, 0x80011140)
T8798 000:634.807 - 0.243ms returns 0
T8798 000:634.854 JLINK_CORESIGHT_ReadAPDPReg(AP reg 0x03)
T8798 000:635.166   Value=0x00000002
T8798 000:635.297 - 0.443ms returns 0
T8798 000:635.334 JLINK_CORESIGHT_ReadAPDPReg(AP reg 0x03)
T8798 000:635.611   Value=0x00000002
T8798 000:635.672 - 0.337ms returns 0
T8798 000:635.709 JLINK_CORESIGHT_ReadAPDPReg(AP reg 0x03)
T8798 000:635.985   Value=0x00000002
T8798 000:636.045 - 0.336ms returns 0
T8798 000:636.082 JLINK_CORESIGHT_ReadAPDPReg(AP reg 0x03)
T8798 000:636.337   Value=0x00000002
T8798 000:636.397 - 0.315ms returns 0
T8798 000:636.436 JLINK_CORESIGHT_ReadAPDPReg(AP reg 0x03)
T8798 000:636.686   Value=0x00000002
T8798 000:636.747 - 0.311ms returns 0
T8798 000:636.784 JLINK_CORESIGHT_ReadAPDPReg(AP reg 0x03)
T8798 000:637.038   Value=0x00000002
T8798 000:637.101 - 0.317ms returns 0
T8798 000:637.139 JLINK_CORESIGHT_ReadAPDPReg(AP reg 0x03)
T8798 000:637.403   Value=0x00000000
T8798 000:637.465 - 0.326ms returns 0
T8798 000:637.505 JLINK_CORESIGHT_WriteAPDPReg(AP reg 0x00, 0x80000002)
T8798 000:637.749 - 0.244ms returns 0
T8798 000:637.798 JLINK_CORESIGHT_WriteAPDPReg(AP reg 0x01, 0x80011130)
T8798 000:638.002 - 0.204ms returns 0
T8798 000:638.051 JLINK_CORESIGHT_ReadAPDPReg(AP reg 0x03)
T8798 000:638.308   Value=0x3A2A0081
T8798 000:638.369 - 0.317ms returns 0
T8798 000:638.407 JLINK_CORESIGHT_WriteAPDPReg(AP reg 0x00, 0x80000002)
T8798 000:638.618 - 0.211ms returns 0
T8798 000:638.667 JLINK_CORESIGHT_WriteAPDPReg(AP reg 0x01, 0x80011140)
T8798 000:638.917 - 0.250ms returns 0
T8798 000:638.966 JLINK_CORESIGHT_ReadAPDPReg(AP reg 0x03)
T8798 000:639.226   Value=0x00000000
T8798 000:639.286 - 0.320ms returns 0
T8798 000:639.324 JLINK_CORESIGHT_WriteAPDPReg(AP reg 0x00, 0x80000002)
T8798 000:639.533 - 0.208ms returns 0
T8798 000:639.592 JLINK_CORESIGHT_WriteAPDPReg(AP reg 0x01, 0x80011130)
T8798 000:639.887 - 0.294ms returns 0
T8798 000:639.964 JLINK_CORESIGHT_ReadAPDPReg(AP reg 0x03)
T8798 000:640.270   Value=0x808D5B00
T8798 000:640.336 - 0.371ms returns 0
T8798 000:640.376 JLINK_CORESIGHT_WriteAPDPReg(AP reg 0x00, 0x80000002)
T8798 000:640.588 - 0.212ms returns 0
T8798 000:640.638 JLINK_CORESIGHT_WriteAPDPReg(AP reg 0x01, 0x80011140)
T8798 000:640.893 - 0.255ms returns 0
T8798 000:640.948 JLINK_CORESIGHT_ReadAPDPReg(AP reg 0x03)
T8798 000:641.241   Value=0x00000000
T8798 000:641.307 - 0.358ms returns 0
T8798 000:641.347 JLINK_CORESIGHT_WriteAPDPReg(AP reg 0x00, 0x80000002)
T8798 000:641.584 - 0.236ms returns 0
T8798 000:641.639 JLINK_CORESIGHT_WriteAPDPReg(AP reg 0x01, 0x80011130)
T8798 000:641.892 - 0.253ms returns 0
T8798 000:641.947 JLINK_CORESIGHT_ReadAPDPReg(AP reg 0x03)
T8798 000:642.240   Value=0x0503030B
T8798 000:642.307 - 0.359ms returns 0
T8798 000:642.345 JLINK_CORESIGHT_WriteAPDPReg(AP reg 0x00, 0x80000002)
T8798 000:642.591 - 0.245ms returns 0
T8798 000:642.646 JLINK_CORESIGHT_WriteAPDPReg(AP reg 0x01, 0x80011140)
T8798 000:642.951 - 0.304ms returns 0
T8798 000:643.007 JLINK_CORESIGHT_ReadAPDPReg(AP reg 0x03)
T8798 000:643.299   Value=0x00000000
T8798 000:643.367 - 0.359ms returns 0
T8798 000:643.406 JLINK_CORESIGHT_WriteAPDPReg(AP reg 0x00, 0x80000002)
T8798 000:643.649 - 0.242ms returns 0
T8798 000:643.703 JLINK_CORESIGHT_WriteAPDPReg(AP reg 0x01, 0x80011130)
T8798 000:643.952 - 0.248ms returns 0
T8798 000:644.007 JLINK_CORESIGHT_ReadAPDPReg(AP reg 0x03)
T8798 000:644.300   Value=0x2E4B4E1C
T8798 000:644.367 - 0.360ms returns 0
T8798 000:644.408 JLINK_CORESIGHT_WriteAPDPReg(AP reg 0x00, 0x80000002)
T8798 000:644.687 - 0.279ms returns 0
T8798 000:644.742 JLINK_CORESIGHT_WriteAPDPReg(AP reg 0x01, 0x80011140)
T8798 000:644.986 - 0.244ms returns 0
T8798 000:645.041 JLINK_CORESIGHT_ReadAPDPReg(AP reg 0x03)
T8798 000:645.333   Value=0x00000000
T8798 000:645.400 - 0.358ms returns 0
T8798 000:645.439 JLINK_CORESIGHT_WriteAPDPReg(AP reg 0x00, 0x80000002)
T8798 000:645.674 - 0.235ms returns 0
T8798 000:645.729 JLINK_CORESIGHT_WriteAPDPReg(AP reg 0x01, 0x80011130)
T8798 000:645.969 - 0.239ms returns 0
T8798 000:646.025 JLINK_CORESIGHT_ReadAPDPReg(AP reg 0x03)
T8798 000:646.319   Value=0x4E052D3E
T8798 000:646.385 - 0.360ms returns 0
T8798 000:646.424 JLINK_CORESIGHT_WriteAPDPReg(AP reg 0x00, 0x80000002)
T8798 000:646.662 - 0.237ms returns 0
T8798 000:646.717 JLINK_CORESIGHT_WriteAPDPReg(AP reg 0x01, 0x80011140)
T8798 000:646.973 - 0.255ms returns 0
T8798 000:647.028 JLINK_CORESIGHT_ReadAPDPReg(AP reg 0x03)
T8798 000:647.319   Value=0x00000000
T8798 000:647.385 - 0.357ms returns 0
T8798 000:647.425 JLINK_CORESIGHT_WriteAPDPReg(AP reg 0x00, 0x80000002)
T8798 000:647.670 - 0.245ms returns 0
T8798 000:647.726 JLINK_CORESIGHT_WriteAPDPReg(AP reg 0x01, 0x80011130)
T8798 000:647.972 - 0.245ms returns 0
T8798 000:648.027 JLINK_CORESIGHT_ReadAPDPReg(AP reg 0x03)
T8798 000:648.318   Value=0x34503036
T8798 000:648.384 - 0.357ms returns 0
T8798 000:648.423 JLINK_CORESIGHT_WriteAPDPReg(AP reg 0x00, 0x80000002)
T8798 000:648.668 - 0.245ms returns 0
T8798 000:648.723 JLINK_CORESIGHT_WriteAPDPReg(AP reg 0x01, 0x80011140)
T8798 000:648.960 - 0.236ms returns 0
T8798 000:649.016 JLINK_CORESIGHT_ReadAPDPReg(AP reg 0x03)
T8798 000:649.312   Value=0x00000000
T8798 000:649.378 - 0.361ms returns 0
T8798 000:649.418 JLINK_CORESIGHT_WriteAPDPReg(AP reg 0x00, 0x80000002)
T8798 000:649.673 - 0.255ms returns 0
T8798 000:649.728 JLINK_CORESIGHT_WriteAPDPReg(AP reg 0x01, 0x80011130)
T8798 000:649.968 - 0.239ms returns 0
T8798 000:650.022 JLINK_CORESIGHT_ReadAPDPReg(AP reg 0x03)
T8798 000:650.318   Value=0x6E012D35
T8798 000:650.384 - 0.361ms returns 0
T8798 000:650.423 JLINK_CORESIGHT_WriteAPDPReg(AP reg 0x00, 0x80000002)
T8798 000:650.666 - 0.242ms returns 0
T8798 000:650.720 JLINK_CORESIGHT_WriteAPDPReg(AP reg 0x01, 0x80011140)
T8798 000:650.947 - 0.226ms returns 0
T8798 000:651.045 JLINK_CORESIGHT_ReadAPDPReg(AP reg 0x03)
T8798 000:651.355   Value=0x00000000
T8798 000:651.416 - 0.371ms returns 0
T8798 000:651.455 JLINK_CORESIGHT_WriteAPDPReg(AP reg 0x00, 0x80000002)
T8798 000:651.655 - 0.200ms returns 0
T8798 000:651.704 JLINK_CORESIGHT_WriteAPDPReg(AP reg 0x01, 0x80011130)
T8798 000:651.983 - 0.278ms returns 0
T8798 000:652.037 JLINK_CORESIGHT_ReadAPDPReg(AP reg 0x03)
T8798 000:652.296   Value=0x4637528D
T8798 000:652.377 - 0.340ms returns 0
T8798 000:652.431 JLINK_CORESIGHT_WriteAPDPReg(AP reg 0x00, 0x80000002)
T8798 000:652.662 - 0.230ms returns 0
T8798 000:652.711 JLINK_CORESIGHT_WriteAPDPReg(AP reg 0x01, 0x80011140)
T8798 000:652.998 - 0.287ms returns 0
T8798 000:653.069 JLINK_CORESIGHT_ReadAPDPReg(AP reg 0x03)
T8798 000:653.384   Value=0x00000000
T8798 000:653.446 - 0.376ms returns 0
T8798 000:653.487 JLINK_CORESIGHT_WriteAPDPReg(AP reg 0x00, 0x80000002)
T8798 000:653.702 - 0.215ms returns 0
T8798 000:653.752 JLINK_CORESIGHT_WriteAPDPReg(AP reg 0x01, 0x80011130)
T8798 000:653.957 - 0.204ms returns 0
T8798 000:654.007 JLINK_CORESIGHT_ReadAPDPReg(AP reg 0x03)
T8798 000:654.300   Value=0x31443841
T8798 000:654.361 - 0.354ms returns 0
T8798 000:654.399 JLINK_CORESIGHT_WriteAPDPReg(AP reg 0x00, 0x80000002)
T8798 000:654.601 - 0.202ms returns 0
T8798 000:654.651 JLINK_CORESIGHT_WriteAPDPReg(AP reg 0x01, 0x80011140)
T8798 000:654.918 - 0.267ms returns 0
T8798 000:654.988 JLINK_CORESIGHT_ReadAPDPReg(AP reg 0x03)
T8798 000:655.334   Value=0x00000000
T8798 000:655.401 - 0.412ms returns 0
T8798 000:655.440 JLINK_CORESIGHT_WriteAPDPReg(AP reg 0x00, 0x80000002)
T8798 000:655.646 - 0.205ms returns 0
T8798 000:655.695 JLINK_CORESIGHT_WriteAPDPReg(AP reg 0x01, 0x80011130)
T8798 000:655.916 - 0.221ms returns 0
T8798 000:655.965 JLINK_CORESIGHT_ReadAPDPReg(AP reg 0x03)
T8798 000:656.226   Value=0x43454842
T8798 000:656.286 - 0.320ms returns 0
T8798 000:656.324 JLINK_CORESIGHT_WriteAPDPReg(AP reg 0x00, 0x80000002)
T8798 000:656.527 - 0.202ms returns 0
T8798 000:656.578 JLINK_CORESIGHT_WriteAPDPReg(AP reg 0x01, 0x80011140)
T8798 000:656.806 - 0.227ms returns 0
T8798 000:656.854 JLINK_CORESIGHT_ReadAPDPReg(AP reg 0x03)
T8798 000:657.132   Value=0x00000000
T8798 000:657.192 - 0.337ms returns 0
T8798 000:657.230 JLINK_CORESIGHT_WriteAPDPReg(AP reg 0x00, 0x80000002)
T8798 000:657.432 - 0.201ms returns 0
T8798 000:657.481 JLINK_CORESIGHT_WriteAPDPReg(AP reg 0x01, 0x80011130)
T8798 000:657.691 - 0.210ms returns 0
T8798 000:657.739 JLINK_CORESIGHT_ReadAPDPReg(AP reg 0x03)
T8798 000:658.006   Value=0x20204442
T8798 000:658.066 - 0.326ms returns 0
T8798 000:658.104 JLINK_CORESIGHT_WriteAPDPReg(AP reg 0x00, 0x80000002)
T8798 000:658.305 - 0.201ms returns 0
T8798 000:658.354 JLINK_CORESIGHT_WriteAPDPReg(AP reg 0x01, 0x80011140)
T8798 000:658.556 - 0.202ms returns 0
T8798 000:658.604 JLINK_CORESIGHT_ReadAPDPReg(AP reg 0x03)
T8798 000:658.859   Value=0x00000000
T8798 000:658.919 - 0.314ms returns 0
T8798 000:658.957 JLINK_CORESIGHT_WriteAPDPReg(AP reg 0x00, 0x80000002)
T8798 000:659.188 - 0.230ms returns 0
T8798 000:659.238 JLINK_CORESIGHT_WriteAPDPReg(AP reg 0x01, 0x80011130)
T8798 000:659.487 - 0.249ms returns 0
T8798 000:659.538 JLINK_CORESIGHT_ReadAPDPReg(AP reg 0x03)
T8798 000:659.806   Value=0x00038020
T8798 000:659.891 - 0.352ms returns 0
T8798 000:660.746 JLINK_CORESIGHT_WriteAPDPReg(AP reg 0x00, 0x80000002)
T8798 000:660.980 - 0.234ms returns 0
T8798 000:661.027 JLINK_CORESIGHT_WriteAPDPReg(AP reg 0x01, 0x80011140)
T8798 000:661.231 - 0.203ms returns 0
T8798 000:661.277 JLINK_CORESIGHT_ReadAPDPReg(AP reg 0x03)
T8798 000:661.533   Value=0x00000002
T8798 000:661.592 - 0.314ms returns 0
T8798 000:661.629 JLINK_CORESIGHT_WriteAPDPReg(AP reg 0x00, 0x80000002)
T8798 000:661.838 - 0.208ms returns 0
T8798 000:661.886 JLINK_CORESIGHT_WriteAPDPReg(AP reg 0x01, 0x80011120)
T8798 000:662.088 - 0.201ms returns 0
T8798 000:662.134 JLINK_CORESIGHT_WriteAPDPReg(AP reg 0x03, 0x3A010001)
T8798 000:662.335 - 0.200ms returns 0
T8798 000:662.381 JLINK_CORESIGHT_WriteAPDPReg(AP reg 0x00, 0x80000002)
T8798 000:662.586 - 0.204ms returns 0
T8798 000:662.632 JLINK_CORESIGHT_WriteAPDPReg(AP reg 0x01, 0x80011140)
T8798 000:662.832 - 0.199ms returns 0
T8798 000:662.880 JLINK_CORESIGHT_ReadAPDPReg(AP reg 0x03)
T8798 000:663.133   Value=0x00000002
T8798 000:663.192 - 0.311ms returns 0
T8798 000:663.228 JLINK_CORESIGHT_WriteAPDPReg(AP reg 0x00, 0x80000002)
T8798 000:663.430 - 0.201ms returns 0
T8798 000:663.476 JLINK_CORESIGHT_WriteAPDPReg(AP reg 0x01, 0x80011120)
T8798 000:663.679 - 0.202ms returns 0
T8798 000:663.725 JLINK_CORESIGHT_WriteAPDPReg(AP reg 0x03, 0x000003C5)
T8798 000:663.930 - 0.205ms returns 0
T8798 000:663.976 JLINK_CORESIGHT_WriteAPDPReg(AP reg 0x00, 0x80000002)
T8798 000:664.179 - 0.202ms returns 0
T8798 000:664.225 JLINK_CORESIGHT_WriteAPDPReg(AP reg 0x01, 0x80011140)
T8798 000:664.429 - 0.203ms returns 0
T8798 000:664.475 JLINK_CORESIGHT_ReadAPDPReg(AP reg 0x03)
T8798 000:664.805   Value=0x00000002
T8798 000:664.866 - 0.390ms returns 0
T8798 000:664.902 JLINK_CORESIGHT_ReadAPDPReg(AP reg 0x03)
T8798 000:665.158   Value=0x00000002
T8798 000:665.217 - 0.315ms returns 0
T8798 000:665.253 JLINK_CORESIGHT_ReadAPDPReg(AP reg 0x03)
T8798 000:665.507   Value=0x00000002
T8798 000:665.568 - 0.314ms returns 0
T8798 000:665.604 JLINK_CORESIGHT_ReadAPDPReg(AP reg 0x03)
T8798 000:665.891   Value=0x00000002
T8798 000:666.047 - 0.442ms returns 0
T8798 000:666.084 JLINK_CORESIGHT_ReadAPDPReg(AP reg 0x03)
T8798 000:666.324   Value=0x00000002
T8798 000:666.434 - 0.350ms returns 0
T8798 000:666.506 JLINK_CORESIGHT_ReadAPDPReg(AP reg 0x03)
T8798 000:666.808   Value=0x00000002
T8798 000:666.930 - 0.423ms returns 0
T8798 000:666.998 JLINK_CORESIGHT_ReadAPDPReg(AP reg 0x03)
T8798 000:667.259   Value=0x00000000
T8798 000:667.325 - 0.326ms returns 0
T8798 000:667.363 JLINK_CORESIGHT_WriteAPDPReg(AP reg 0x00, 0x80000002)
T8798 000:667.600 - 0.236ms returns 0
T8798 000:667.675 JLINK_CORESIGHT_WriteAPDPReg(AP reg 0x01, 0x80011130)
T8798 000:667.927 - 0.251ms returns 0
T8798 000:667.980 JLINK_CORESIGHT_ReadAPDPReg(AP reg 0x03)
T8798 000:668.240   Value=0x3A2A0081
T8798 000:668.300 - 0.319ms returns 0
T8798 000:668.336 JLINK_CORESIGHT_WriteAPDPReg(AP reg 0x00, 0x80000002)
T8798 000:668.574 - 0.237ms returns 0
T8798 000:668.658 JLINK_CORESIGHT_WriteAPDPReg(AP reg 0x01, 0x80011140)
T8798 000:668.927 - 0.269ms returns 0
T8798 000:669.007 JLINK_CORESIGHT_ReadAPDPReg(AP reg 0x03)
T8798 000:669.307   Value=0x00000000
T8798 000:669.370 - 0.362ms returns 0
T8798 000:669.408 JLINK_CORESIGHT_WriteAPDPReg(AP reg 0x00, 0x80000002)
T8798 000:669.610 - 0.201ms returns 0
T8798 000:669.658 JLINK_CORESIGHT_WriteAPDPReg(AP reg 0x01, 0x80011130)
T8798 000:669.918 - 0.259ms returns 0
T8798 000:669.976 JLINK_CORESIGHT_ReadAPDPReg(AP reg 0x03)
T8798 000:670.237   Value=0x808D5B00
T8798 000:670.300 - 0.323ms returns 0
T8798 000:670.338 JLINK_CORESIGHT_WriteAPDPReg(AP reg 0x00, 0x80000002)
T8798 000:670.545 - 0.206ms returns 0
T8798 000:670.594 JLINK_CORESIGHT_WriteAPDPReg(AP reg 0x01, 0x80011140)
T8798 000:670.807 - 0.212ms returns 0
T8798 000:670.858 JLINK_CORESIGHT_ReadAPDPReg(AP reg 0x03)
T8798 000:671.127   Value=0x00000000
T8798 000:671.188 - 0.329ms returns 0
T8798 000:671.225 JLINK_CORESIGHT_WriteAPDPReg(AP reg 0x00, 0x80000002)
T8798 000:671.442 - 0.216ms returns 0
T8798 000:671.489 JLINK_CORESIGHT_WriteAPDPReg(AP reg 0x01, 0x80011130)
T8798 000:671.700 - 0.210ms returns 0
T8798 000:671.760 JLINK_CORESIGHT_ReadAPDPReg(AP reg 0x03)
T8798 000:672.014   Value=0x0503030B
T8798 000:672.072 - 0.312ms returns 0
T8798 000:672.109 JLINK_CORESIGHT_WriteAPDPReg(AP reg 0x00, 0x80000002)
T8798 000:672.312 - 0.202ms returns 0
T8798 000:672.362 JLINK_CORESIGHT_WriteAPDPReg(AP reg 0x01, 0x80011140)
T8798 000:672.576 - 0.213ms returns 0
T8798 000:672.624 JLINK_CORESIGHT_ReadAPDPReg(AP reg 0x03)
T8798 000:672.885   Value=0x00000000
T8798 000:672.944 - 0.320ms returns 0
T8798 000:672.981 JLINK_CORESIGHT_WriteAPDPReg(AP reg 0x00, 0x80000002)
T8798 000:673.182 - 0.201ms returns 0
T8798 000:673.228 JLINK_CORESIGHT_WriteAPDPReg(AP reg 0x01, 0x80011130)
T8798 000:673.431 - 0.202ms returns 0
T8798 000:673.477 JLINK_CORESIGHT_ReadAPDPReg(AP reg 0x03)
T8798 000:673.806   Value=0x2E4B4E1C
T8798 000:673.884 - 0.406ms returns 0
T8798 000:673.934 JLINK_CORESIGHT_WriteAPDPReg(AP reg 0x00, 0x80000002)
T8798 000:674.171 - 0.236ms returns 0
T8798 000:674.224 JLINK_CORESIGHT_WriteAPDPReg(AP reg 0x01, 0x80011140)
T8798 000:674.464 - 0.239ms returns 0
T8798 000:674.517 JLINK_CORESIGHT_ReadAPDPReg(AP reg 0x03)
T8798 000:674.842   Value=0x00000000
T8798 000:674.908 - 0.390ms returns 0
T8798 000:674.944 JLINK_CORESIGHT_WriteAPDPReg(AP reg 0x00, 0x80000002)
T8798 000:675.182 - 0.237ms returns 0
T8798 000:675.236 JLINK_CORESIGHT_WriteAPDPReg(AP reg 0x01, 0x80011130)
T8798 000:675.484 - 0.248ms returns 0
T8798 000:675.537 JLINK_CORESIGHT_ReadAPDPReg(AP reg 0x03)
T8798 000:675.840   Value=0x4E052D3E
T8798 000:675.907 - 0.369ms returns 0
T8798 000:675.946 JLINK_CORESIGHT_WriteAPDPReg(AP reg 0x00, 0x80000002)
T8798 000:676.184 - 0.238ms returns 0
T8798 000:676.237 JLINK_CORESIGHT_WriteAPDPReg(AP reg 0x01, 0x80011140)
T8798 000:676.485 - 0.247ms returns 0
T8798 000:676.539 JLINK_CORESIGHT_ReadAPDPReg(AP reg 0x03)
T8798 000:676.843   Value=0x00000000
T8798 000:676.910 - 0.370ms returns 0
T8798 000:676.947 JLINK_CORESIGHT_WriteAPDPReg(AP reg 0x00, 0x80000002)
T8798 000:677.184 - 0.236ms returns 0
T8798 000:677.237 JLINK_CORESIGHT_WriteAPDPReg(AP reg 0x01, 0x80011130)
T8798 000:677.486 - 0.249ms returns 0
T8798 000:677.539 JLINK_CORESIGHT_ReadAPDPReg(AP reg 0x03)
T8798 000:677.841   Value=0x34503036
T8798 000:677.909 - 0.369ms returns 0
T8798 000:677.947 JLINK_CORESIGHT_WriteAPDPReg(AP reg 0x00, 0x80000002)
T8798 000:678.189 - 0.242ms returns 0
T8798 000:678.243 JLINK_CORESIGHT_WriteAPDPReg(AP reg 0x01, 0x80011140)
T8798 000:678.487 - 0.244ms returns 0
T8798 000:678.542 JLINK_CORESIGHT_ReadAPDPReg(AP reg 0x03)
T8798 000:678.843   Value=0x00000000
T8798 000:678.910 - 0.368ms returns 0
T8798 000:678.947 JLINK_CORESIGHT_WriteAPDPReg(AP reg 0x00, 0x80000002)
T8798 000:679.192 - 0.244ms returns 0
T8798 000:679.245 JLINK_CORESIGHT_WriteAPDPReg(AP reg 0x01, 0x80011130)
T8798 000:679.576 - 0.330ms returns 0
T8798 000:679.664 JLINK_CORESIGHT_ReadAPDPReg(AP reg 0x03)
T8798 000:680.025   Value=0x6E012D35
T8798 000:680.092 - 0.427ms returns 0
T8798 000:680.156 JLINK_CORESIGHT_WriteAPDPReg(AP reg 0x00, 0x80000002)
T8798 000:680.431 - 0.274ms returns 0
T8798 000:680.485 JLINK_CORESIGHT_WriteAPDPReg(AP reg 0x01, 0x80011140)
T8798 000:680.735 - 0.250ms returns 0
T8798 000:680.842 JLINK_CORESIGHT_ReadAPDPReg(AP reg 0x03)
T8798 000:681.183   Value=0x00000000
T8798 000:681.249 - 0.407ms returns 0
T8798 000:681.286 JLINK_CORESIGHT_WriteAPDPReg(AP reg 0x00, 0x80000002)
T8798 000:681.522 - 0.235ms returns 0
T8798 000:681.575 JLINK_CORESIGHT_WriteAPDPReg(AP reg 0x01, 0x80011130)
T8798 000:681.808 - 0.232ms returns 0
T8798 000:681.956 JLINK_CORESIGHT_ReadAPDPReg(AP reg 0x03)
T8798 000:682.261   Value=0x4637528D
T8798 000:682.358 - 0.401ms returns 0
T8798 000:682.435 JLINK_CORESIGHT_WriteAPDPReg(AP reg 0x00, 0x80000002)
T8798 000:682.713 - 0.277ms returns 0
T8798 000:682.804 JLINK_CORESIGHT_WriteAPDPReg(AP reg 0x01, 0x80011140)
T8798 000:683.056 - 0.252ms returns 0
T8798 000:683.103 JLINK_CORESIGHT_ReadAPDPReg(AP reg 0x03)
T8798 000:683.358   Value=0x00000000
T8798 000:683.419 - 0.315ms returns 0
T8798 000:683.455 JLINK_CORESIGHT_WriteAPDPReg(AP reg 0x00, 0x80000002)
T8798 000:683.681 - 0.225ms returns 0
T8798 000:683.739 JLINK_CORESIGHT_WriteAPDPReg(AP reg 0x01, 0x80011130)
T8798 000:683.951 - 0.211ms returns 0
T8798 000:684.005 JLINK_CORESIGHT_ReadAPDPReg(AP reg 0x03)
T8798 000:684.264   Value=0x31443841
T8798 000:684.330 - 0.325ms returns 0
T8798 000:684.369 JLINK_CORESIGHT_WriteAPDPReg(AP reg 0x00, 0x80000002)
T8798 000:684.575 - 0.206ms returns 0
T8798 000:684.623 JLINK_CORESIGHT_WriteAPDPReg(AP reg 0x01, 0x80011140)
T8798 000:684.847 - 0.223ms returns 0
T8798 000:684.910 JLINK_CORESIGHT_ReadAPDPReg(AP reg 0x03)
T8798 000:685.167   Value=0x00000000
T8798 000:685.230 - 0.319ms returns 0
T8798 000:685.268 JLINK_CORESIGHT_WriteAPDPReg(AP reg 0x00, 0x80000002)
T8798 000:685.497 - 0.228ms returns 0
T8798 000:685.559 JLINK_CORESIGHT_WriteAPDPReg(AP reg 0x01, 0x80011130)
T8798 000:685.806 - 0.247ms returns 0
T8798 000:685.861 JLINK_CORESIGHT_ReadAPDPReg(AP reg 0x03)
T8798 000:686.154   Value=0x43454842
T8798 000:686.231 - 0.370ms returns 0
T8798 000:686.284 JLINK_CORESIGHT_WriteAPDPReg(AP reg 0x00, 0x80000002)
T8798 000:686.482 - 0.197ms returns 0
T8798 000:686.530 JLINK_CORESIGHT_WriteAPDPReg(AP reg 0x01, 0x80011140)
T8798 000:686.808 - 0.277ms returns 0
T8798 000:686.862 JLINK_CORESIGHT_ReadAPDPReg(AP reg 0x03)
T8798 000:687.160   Value=0x00000000
T8798 000:687.220 - 0.357ms returns 0
T8798 000:687.258 JLINK_CORESIGHT_WriteAPDPReg(AP reg 0x00, 0x80000002)
T8798 000:687.463 - 0.204ms returns 0
T8798 000:687.527 JLINK_CORESIGHT_WriteAPDPReg(AP reg 0x01, 0x80011130)
T8798 000:687.807 - 0.279ms returns 0
T8798 000:687.859 JLINK_CORESIGHT_ReadAPDPReg(AP reg 0x03)
T8798 000:688.156   Value=0x20204442
T8798 000:688.247 - 0.388ms returns 0
T8798 000:688.285 JLINK_CORESIGHT_WriteAPDPReg(AP reg 0x00, 0x80000002)
T8798 000:688.486 - 0.200ms returns 0
T8798 000:688.536 JLINK_CORESIGHT_WriteAPDPReg(AP reg 0x01, 0x80011140)
T8798 000:688.806 - 0.269ms returns 0
T8798 000:688.868 JLINK_CORESIGHT_ReadAPDPReg(AP reg 0x03)
T8798 000:689.128   Value=0x00000000
T8798 000:689.187 - 0.318ms returns 0
T8798 000:689.225 JLINK_CORESIGHT_WriteAPDPReg(AP reg 0x00, 0x80000002)
T8798 000:689.429 - 0.204ms returns 0
T8798 000:689.477 JLINK_CORESIGHT_WriteAPDPReg(AP reg 0x01, 0x80011130)
T8798 000:689.681 - 0.204ms returns 0
T8798 000:689.729 JLINK_CORESIGHT_ReadAPDPReg(AP reg 0x03)
T8798 000:689.984   Value=0x00038020
T8798 000:690.044 - 0.315ms returns 0
T8798 000:690.943 JLINK_CORESIGHT_WriteAPDPReg(AP reg 0x00, 0x80000002)
T8798 000:691.200 - 0.257ms returns 0
T8798 000:691.247 JLINK_CORESIGHT_WriteAPDPReg(AP reg 0x01, 0x80011140)
T8798 000:691.461 - 0.213ms returns 0
T8798 000:691.516 JLINK_CORESIGHT_ReadAPDPReg(AP reg 0x03)
T8798 000:691.810   Value=0x00000002
T8798 000:691.873 - 0.356ms returns 0
T8798 000:691.910 JLINK_CORESIGHT_WriteAPDPReg(AP reg 0x00, 0x80000002)
T8798 000:692.110 - 0.199ms returns 0
T8798 000:692.158 JLINK_CORESIGHT_WriteAPDPReg(AP reg 0x01, 0x80011120)
T8798 000:692.360 - 0.202ms returns 0
T8798 000:692.408 JLINK_CORESIGHT_WriteAPDPReg(AP reg 0x03, 0x2C010001)
T8798 000:692.610 - 0.202ms returns 0
T8798 000:692.659 JLINK_CORESIGHT_WriteAPDPReg(AP reg 0x00, 0x80000002)
T8798 000:692.928 - 0.269ms returns 0
T8798 000:693.020 JLINK_CORESIGHT_WriteAPDPReg(AP reg 0x01, 0x80011140)
T8798 000:693.383 - 0.362ms returns 0
T8798 000:693.450 JLINK_CORESIGHT_ReadAPDPReg(AP reg 0x03)
T8798 000:693.808   Value=0x00000002
T8798 000:693.939 - 0.488ms returns 0
T8798 000:693.977 JLINK_CORESIGHT_WriteAPDPReg(AP reg 0x00, 0x80000002)
T8798 000:694.192 - 0.215ms returns 0
T8798 000:694.245 JLINK_CORESIGHT_WriteAPDPReg(AP reg 0x01, 0x80011120)
T8798 000:694.457 - 0.211ms returns 0
T8798 000:694.505 JLINK_CORESIGHT_WriteAPDPReg(AP reg 0x03, 0x000003D3)
T8798 000:694.763 - 0.258ms returns 0
T8798 000:694.847 JLINK_CORESIGHT_WriteAPDPReg(AP reg 0x00, 0x80000002)
T8798 000:695.077 - 0.229ms returns 0
T8798 000:695.132 JLINK_CORESIGHT_WriteAPDPReg(AP reg 0x01, 0x80011140)
T8798 000:695.397 - 0.264ms returns 0
T8798 000:695.459 JLINK_CORESIGHT_ReadAPDPReg(AP reg 0x03)
T8798 000:695.713   Value=0x00000002
T8798 000:695.776 - 0.316ms returns 0
T8798 000:695.816 JLINK_CORESIGHT_ReadAPDPReg(AP reg 0x03)
T8798 000:696.077   Value=0x00000002
T8798 000:696.140 - 0.324ms returns 0
T8798 000:696.178 JLINK_CORESIGHT_ReadAPDPReg(AP reg 0x03)
T8798 000:696.435   Value=0x00000002
T8798 000:696.495 - 0.317ms returns 0
T8798 000:696.535 JLINK_CORESIGHT_ReadAPDPReg(AP reg 0x03)
T8798 000:696.809   Value=0x00000002
T8798 000:696.888 - 0.353ms returns 0
T8798 000:696.926 JLINK_CORESIGHT_ReadAPDPReg(AP reg 0x03)
T8798 000:697.186   Value=0x00000002
T8798 000:697.249 - 0.322ms returns 0
T8798 000:697.287 JLINK_CORESIGHT_ReadAPDPReg(AP reg 0x03)
T8798 000:697.544   Value=0x00000002
T8798 000:697.606 - 0.318ms returns 0
T8798 000:697.644 JLINK_CORESIGHT_ReadAPDPReg(AP reg 0x03)
T8798 000:697.986   Value=0x00000000
T8798 000:698.049 - 0.404ms returns 0
T8798 000:698.087 JLINK_CORESIGHT_WriteAPDPReg(AP reg 0x00, 0x80000002)
T8798 000:698.295 - 0.208ms returns 0
T8798 000:698.344 JLINK_CORESIGHT_WriteAPDPReg(AP reg 0x01, 0x80011130)
T8798 000:698.549 - 0.205ms returns 0
T8798 000:698.598 JLINK_CORESIGHT_ReadAPDPReg(AP reg 0x03)
T8798 000:698.861   Value=0x2C020081
T8798 000:698.923 - 0.324ms returns 0
T8798 000:698.961 JLINK_CORESIGHT_WriteAPDPReg(AP reg 0x00, 0x80000002)
T8798 000:699.169 - 0.208ms returns 0
T8798 000:699.219 JLINK_CORESIGHT_WriteAPDPReg(AP reg 0x01, 0x80011140)
T8798 000:699.424 - 0.205ms returns 0
T8798 000:699.472 JLINK_CORESIGHT_ReadAPDPReg(AP reg 0x03)
T8798 000:699.808   Value=0x00000000
T8798 000:699.870 - 0.397ms returns 0
T8798 000:699.908 JLINK_CORESIGHT_WriteAPDPReg(AP reg 0x00, 0x80000002)
T8798 000:700.112 - 0.204ms returns 0
T8798 000:700.160 JLINK_CORESIGHT_WriteAPDPReg(AP reg 0x01, 0x80011130)
T8798 000:700.363 - 0.203ms returns 0
T8798 000:700.410 JLINK_CORESIGHT_ReadAPDPReg(AP reg 0x03)
T8798 000:700.679   Value=0x0003CE04
T8798 000:700.739 - 0.328ms returns 0
T8798 000:700.805 JLINK_CORESIGHT_WriteAPDPReg(AP reg 0x00, 0x80000002)
T8798 000:701.023 - 0.218ms returns 0
T8798 000:701.070 JLINK_CORESIGHT_WriteAPDPReg(AP reg 0x01, 0x80011140)
T8798 000:701.273 - 0.202ms returns 0
T8798 000:701.320 JLINK_CORESIGHT_ReadAPDPReg(AP reg 0x03)
T8798 000:701.575   Value=0x00000002
T8798 000:701.635 - 0.314ms returns 0
T8798 000:701.672 JLINK_CORESIGHT_WriteAPDPReg(AP reg 0x00, 0x80000002)
T8798 000:701.918 - 0.246ms returns 0
T8798 000:701.967 JLINK_CORESIGHT_WriteAPDPReg(AP reg 0x01, 0x80011120)
T8798 000:702.176 - 0.209ms returns 0
T8798 000:702.222 JLINK_CORESIGHT_WriteAPDPReg(AP reg 0x03, 0x73010001)
T8798 000:702.423 - 0.200ms returns 0
T8798 000:702.469 JLINK_CORESIGHT_WriteAPDPReg(AP reg 0x00, 0x80000002)
T8798 000:702.665 - 0.196ms returns 0
T8798 000:702.711 JLINK_CORESIGHT_WriteAPDPReg(AP reg 0x01, 0x80011140)
T8798 000:702.917 - 0.205ms returns 0
T8798 000:702.964 JLINK_CORESIGHT_ReadAPDPReg(AP reg 0x03)
T8798 000:703.226   Value=0x00000002
T8798 000:703.286 - 0.321ms returns 0
T8798 000:703.324 JLINK_CORESIGHT_WriteAPDPReg(AP reg 0x00, 0x80000002)
T8798 000:703.526 - 0.201ms returns 0
T8798 000:703.572 JLINK_CORESIGHT_WriteAPDPReg(AP reg 0x01, 0x80011120)
T8798 000:703.805 - 0.233ms returns 0
T8798 000:703.852 JLINK_CORESIGHT_WriteAPDPReg(AP reg 0x03, 0x0000038C)
T8798 000:704.080 - 0.228ms returns 0
T8798 000:704.126 JLINK_CORESIGHT_WriteAPDPReg(AP reg 0x00, 0x80000002)
T8798 000:704.340 - 0.213ms returns 0
T8798 000:704.386 JLINK_CORESIGHT_WriteAPDPReg(AP reg 0x01, 0x80011140)
T8798 000:704.587 - 0.200ms returns 0
T8798 000:704.683 JLINK_CORESIGHT_ReadAPDPReg(AP reg 0x03)
T8798 000:704.976   Value=0x00000002
T8798 000:705.036 - 0.352ms returns 0
T8798 000:705.072 JLINK_CORESIGHT_ReadAPDPReg(AP reg 0x03)
T8798 000:705.325   Value=0x00000002
T8798 000:705.385 - 0.312ms returns 0
T8798 000:705.421 JLINK_CORESIGHT_ReadAPDPReg(AP reg 0x03)
T8798 000:705.679   Value=0x00000002
T8798 000:705.738 - 0.317ms returns 0
T8798 000:705.780 JLINK_CORESIGHT_ReadAPDPReg(AP reg 0x03)
T8798 000:706.034   Value=0x00000002
T8798 000:706.096 - 0.315ms returns 0
T8798 000:706.133 JLINK_CORESIGHT_ReadAPDPReg(AP reg 0x03)
T8798 000:706.458   Value=0x00000002
T8798 000:706.542 - 0.409ms returns 0
T8798 000:706.594 JLINK_CORESIGHT_ReadAPDPReg(AP reg 0x03)
T8798 000:706.847   Value=0x00000002
T8798 000:706.907 - 0.313ms returns 0
T8798 000:706.943 JLINK_CORESIGHT_ReadAPDPReg(AP reg 0x03)
T8798 000:707.200   Value=0x00000000
T8798 000:707.260 - 0.317ms returns 0
T8798 000:707.299 JLINK_CORESIGHT_WriteAPDPReg(AP reg 0x00, 0x80000002)
T8798 000:707.546 - 0.246ms returns 0
T8798 000:707.639 JLINK_CORESIGHT_WriteAPDPReg(AP reg 0x01, 0x80011130)
T8798 000:707.976 - 0.337ms returns 0
T8798 000:708.029 JLINK_CORESIGHT_ReadAPDPReg(AP reg 0x03)
T8798 000:708.287   Value=0x73020081
T8798 000:708.348 - 0.318ms returns 0
T8798 000:708.385 JLINK_CORESIGHT_WriteAPDPReg(AP reg 0x00, 0x80000002)
T8798 000:708.588 - 0.203ms returns 0
T8798 000:708.636 JLINK_CORESIGHT_WriteAPDPReg(AP reg 0x01, 0x80011140)
T8798 000:708.860 - 0.224ms returns 0
T8798 000:709.088 JLINK_CORESIGHT_ReadAPDPReg(AP reg 0x03)
T8798 000:709.540   Value=0x00000000
T8798 000:709.608 - 0.520ms returns 0
T8798 000:709.645 JLINK_CORESIGHT_WriteAPDPReg(AP reg 0x00, 0x80000002)
T8798 000:709.962 - 0.316ms returns 0
T8798 000:710.015 JLINK_CORESIGHT_WriteAPDPReg(AP reg 0x01, 0x80011130)
T8798 000:710.227 - 0.211ms returns 0
T8798 000:710.275 JLINK_CORESIGHT_ReadAPDPReg(AP reg 0x03)
T8798 000:710.529   Value=0x00038902
T8798 000:710.590 - 0.315ms returns 0
T8798 000:710.629 JLINK_CORESIGHT_WriteAPDPReg(AP reg 0x00, 0x80000002)
T8798 000:710.893 - 0.264ms returns 0
T8798 000:710.947 JLINK_CORESIGHT_WriteAPDPReg(AP reg 0x01, 0x80011140)
T8798 000:711.154 - 0.207ms returns 0
T8798 000:711.209 JLINK_CORESIGHT_ReadAPDPReg(AP reg 0x03)
T8798 000:711.477   Value=0x00000002
T8798 000:711.538 - 0.328ms returns 0
T8798 000:711.576 JLINK_CORESIGHT_WriteAPDPReg(AP reg 0x00, 0x80000002)
T8798 000:711.807 - 0.231ms returns 0
T8798 000:711.854 JLINK_CORESIGHT_WriteAPDPReg(AP reg 0x01, 0x80011120)
T8798 000:712.055 - 0.201ms returns 0
T8798 000:712.105 JLINK_CORESIGHT_WriteAPDPReg(AP reg 0x03, 0x75010001)
T8798 000:712.307 - 0.202ms returns 0
T8798 000:712.355 JLINK_CORESIGHT_WriteAPDPReg(AP reg 0x00, 0x80000002)
T8798 000:712.557 - 0.202ms returns 0
T8798 000:712.604 JLINK_CORESIGHT_WriteAPDPReg(AP reg 0x01, 0x80011140)
T8798 000:712.839 - 0.234ms returns 0
T8798 000:712.912 JLINK_CORESIGHT_ReadAPDPReg(AP reg 0x03)
T8798 000:713.167   Value=0x00000002
T8798 000:713.228 - 0.315ms returns 0
T8798 000:713.265 JLINK_CORESIGHT_WriteAPDPReg(AP reg 0x00, 0x80000002)
T8798 000:713.477 - 0.211ms returns 0
T8798 000:713.526 JLINK_CORESIGHT_WriteAPDPReg(AP reg 0x01, 0x80011120)
T8798 000:713.732 - 0.206ms returns 0
T8798 000:713.779 JLINK_CORESIGHT_WriteAPDPReg(AP reg 0x03, 0x0000038A)
T8798 000:713.981 - 0.202ms returns 0
T8798 000:714.028 JLINK_CORESIGHT_WriteAPDPReg(AP reg 0x00, 0x80000002)
T8798 000:714.231 - 0.202ms returns 0
T8798 000:714.278 JLINK_CORESIGHT_WriteAPDPReg(AP reg 0x01, 0x80011140)
T8798 000:714.481 - 0.203ms returns 0
T8798 000:714.528 JLINK_CORESIGHT_ReadAPDPReg(AP reg 0x03)
T8798 000:714.806   Value=0x00000002
T8798 000:714.866 - 0.337ms returns 0
T8798 000:714.905 JLINK_CORESIGHT_ReadAPDPReg(AP reg 0x03)
T8798 000:715.167   Value=0x00000002
T8798 000:715.228 - 0.322ms returns 0
T8798 000:715.265 JLINK_CORESIGHT_ReadAPDPReg(AP reg 0x03)
T8798 000:715.517   Value=0x00000002
T8798 000:715.577 - 0.312ms returns 0
T8798 000:715.613 JLINK_CORESIGHT_ReadAPDPReg(AP reg 0x03)
T8798 000:715.976   Value=0x00000002
T8798 000:716.039 - 0.426ms returns 0
T8798 000:716.076 JLINK_CORESIGHT_ReadAPDPReg(AP reg 0x03)
T8798 000:716.330   Value=0x00000002
T8798 000:716.390 - 0.313ms returns 0
T8798 000:716.426 JLINK_CORESIGHT_ReadAPDPReg(AP reg 0x03)
T8798 000:716.680   Value=0x00000000
T8798 000:716.742 - 0.315ms returns 0
T8798 000:716.781 JLINK_CORESIGHT_WriteAPDPReg(AP reg 0x00, 0x80000002)
T8798 000:717.000 - 0.218ms returns 0
T8798 000:717.069 JLINK_CORESIGHT_WriteAPDPReg(AP reg 0x01, 0x80011130)
T8798 000:717.272 - 0.203ms returns 0
T8798 000:717.322 JLINK_CORESIGHT_ReadAPDPReg(AP reg 0x03)
T8798 000:717.580   Value=0x75020081
T8798 000:717.641 - 0.319ms returns 0
T8798 000:717.680 JLINK_CORESIGHT_WriteAPDPReg(AP reg 0x00, 0x80000002)
T8798 000:717.917 - 0.236ms returns 0
T8798 000:717.966 JLINK_CORESIGHT_WriteAPDPReg(AP reg 0x01, 0x80011140)
T8798 000:718.171 - 0.204ms returns 0
T8798 000:718.221 JLINK_CORESIGHT_ReadAPDPReg(AP reg 0x03)
T8798 000:718.477   Value=0x00000000
T8798 000:718.538 - 0.317ms returns 0
T8798 000:718.577 JLINK_CORESIGHT_WriteAPDPReg(AP reg 0x00, 0x80000002)
T8798 000:718.806 - 0.228ms returns 0
T8798 000:718.857 JLINK_CORESIGHT_WriteAPDPReg(AP reg 0x01, 0x80011130)
T8798 000:719.064 - 0.207ms returns 0
T8798 000:719.113 JLINK_CORESIGHT_ReadAPDPReg(AP reg 0x03)
T8798 000:719.378   Value=0x00038702
T8798 000:719.439 - 0.325ms returns 0
T8798 000:719.483 JLINK_CORESIGHT_WriteAPDPReg(AP reg 0x00, 0x80000002)
T8798 000:719.731 - 0.247ms returns 0
T8798 000:719.787 JLINK_CORESIGHT_WriteAPDPReg(AP reg 0x01, 0x80011140)
T8798 000:720.029 - 0.241ms returns 0
T8798 000:720.085 JLINK_CORESIGHT_ReadAPDPReg(AP reg 0x03)
T8798 000:720.386   Value=0x00000002
T8798 000:720.456 - 0.370ms returns 0
T8798 000:720.496 JLINK_CORESIGHT_WriteAPDPReg(AP reg 0x00, 0x80000002)
T8798 000:720.703 - 0.206ms returns 0
T8798 000:720.753 JLINK_CORESIGHT_WriteAPDPReg(AP reg 0x01, 0x80011120)
T8798 000:720.987 - 0.234ms returns 0
T8798 000:721.037 JLINK_CORESIGHT_WriteAPDPReg(AP reg 0x03, 0x4F010001)
T8798 000:721.240 - 0.203ms returns 0
T8798 000:721.291 JLINK_CORESIGHT_WriteAPDPReg(AP reg 0x00, 0x80000002)
T8798 000:721.494 - 0.203ms returns 0
T8798 000:721.544 JLINK_CORESIGHT_WriteAPDPReg(AP reg 0x01, 0x80011140)
T8798 000:721.808 - 0.264ms returns 0
T8798 000:721.858 JLINK_CORESIGHT_ReadAPDPReg(AP reg 0x03)
T8798 000:722.114   Value=0x00000002
T8798 000:722.175 - 0.316ms returns 0
T8798 000:722.214 JLINK_CORESIGHT_WriteAPDPReg(AP reg 0x00, 0x80000002)
T8798 000:722.419 - 0.204ms returns 0
T8798 000:722.468 JLINK_CORESIGHT_WriteAPDPReg(AP reg 0x01, 0x80011120)
T8798 000:722.673 - 0.204ms returns 0
T8798 000:722.722 JLINK_CORESIGHT_WriteAPDPReg(AP reg 0x03, 0x000003B0)
T8798 000:722.938 - 0.216ms returns 0
T8798 000:722.988 JLINK_CORESIGHT_WriteAPDPReg(AP reg 0x00, 0x80000002)
T8798 000:723.200 - 0.212ms returns 0
T8798 000:723.249 JLINK_CORESIGHT_WriteAPDPReg(AP reg 0x01, 0x80011140)
T8798 000:723.455 - 0.205ms returns 0
T8798 000:723.505 JLINK_CORESIGHT_ReadAPDPReg(AP reg 0x03)
T8798 000:723.807   Value=0x00000002
T8798 000:723.868 - 0.363ms returns 0
T8798 000:723.907 JLINK_CORESIGHT_ReadAPDPReg(AP reg 0x03)
T8798 000:724.162   Value=0x00000002
T8798 000:724.223 - 0.315ms returns 0
T8798 000:724.263 JLINK_CORESIGHT_ReadAPDPReg(AP reg 0x03)
T8798 000:724.529   Value=0x00000002
T8798 000:724.591 - 0.327ms returns 0
T8798 000:724.630 JLINK_CORESIGHT_ReadAPDPReg(AP reg 0x03)
T8798 000:724.884   Value=0x00000002
T8798 000:724.945 - 0.314ms returns 0
T8798 000:724.985 JLINK_CORESIGHT_ReadAPDPReg(AP reg 0x03)
T8798 000:725.240   Value=0x00000000
T8798 000:725.301 - 0.316ms returns 0
T8798 000:725.340 JLINK_CORESIGHT_WriteAPDPReg(AP reg 0x00, 0x80000002)
T8798 000:725.550 - 0.209ms returns 0
T8798 000:725.600 JLINK_CORESIGHT_WriteAPDPReg(AP reg 0x01, 0x80011130)
T8798 000:725.807 - 0.207ms returns 0
T8798 000:725.857 JLINK_CORESIGHT_ReadAPDPReg(AP reg 0x03)
T8798 000:726.111   Value=0x4F0B0081
T8798 000:726.172 - 0.315ms returns 0
T8798 000:726.216 JLINK_CORESIGHT_WriteAPDPReg(AP reg 0x00, 0x80000002)
T8798 000:726.419 - 0.203ms returns 0
T8798 000:726.469 JLINK_CORESIGHT_WriteAPDPReg(AP reg 0x01, 0x80011140)
T8798 000:726.672 - 0.203ms returns 0
T8798 000:726.723 JLINK_CORESIGHT_ReadAPDPReg(AP reg 0x03)
T8798 000:726.981   Value=0x00000000
T8798 000:727.042 - 0.318ms returns 0
T8798 000:727.083 JLINK_CORESIGHT_WriteAPDPReg(AP reg 0x00, 0x80000002)
T8798 000:727.285 - 0.202ms returns 0
T8798 000:727.335 JLINK_CORESIGHT_WriteAPDPReg(AP reg 0x01, 0x80011130)
T8798 000:727.540 - 0.205ms returns 0
T8798 000:727.590 JLINK_CORESIGHT_ReadAPDPReg(AP reg 0x03)
T8798 000:727.860   Value=0x20000000
T8798 000:727.922 - 0.331ms returns 0
T8798 000:727.962 JLINK_CORESIGHT_WriteAPDPReg(AP reg 0x00, 0x80000002)
T8798 000:728.166 - 0.203ms returns 0
T8798 000:728.215 JLINK_CORESIGHT_WriteAPDPReg(AP reg 0x01, 0x80011140)
T8798 000:728.417 - 0.202ms returns 0
T8798 000:728.469 JLINK_CORESIGHT_ReadAPDPReg(AP reg 0x03)
T8798 000:728.741   Value=0x00000000
T8798 000:728.802 - 0.333ms returns 0
T8798 000:728.842 JLINK_CORESIGHT_WriteAPDPReg(AP reg 0x00, 0x80000002)
T8798 000:729.048 - 0.205ms returns 0
T8798 000:729.104 JLINK_CORESIGHT_WriteAPDPReg(AP reg 0x01, 0x80011130)
T8798 000:729.314 - 0.210ms returns 0
T8798 000:729.364 JLINK_CORESIGHT_ReadAPDPReg(AP reg 0x03)
T8798 000:729.628   Value=0x00000000
T8798 000:729.690 - 0.325ms returns 0
T8798 000:729.732 JLINK_CORESIGHT_WriteAPDPReg(AP reg 0x00, 0x80000002)
T8798 000:729.932 - 0.200ms returns 0
T8798 000:729.982 JLINK_CORESIGHT_WriteAPDPReg(AP reg 0x01, 0x80011140)
T8798 000:730.185 - 0.203ms returns 0
T8798 000:730.235 JLINK_CORESIGHT_ReadAPDPReg(AP reg 0x03)
T8798 000:730.491   Value=0x00000000
T8798 000:730.552 - 0.316ms returns 0
T8798 000:730.591 JLINK_CORESIGHT_WriteAPDPReg(AP reg 0x00, 0x80000002)
T8798 000:730.808 - 0.216ms returns 0
T8798 000:730.858 JLINK_CORESIGHT_WriteAPDPReg(AP reg 0x01, 0x80011130)
T8798 000:731.081 - 0.223ms returns 0
T8798 000:731.141 JLINK_CORESIGHT_ReadAPDPReg(AP reg 0x03)
T8798 000:731.404   Value=0x03860000
T8798 000:731.466 - 0.325ms returns 0
T8798 000:732.338 JLINK_CORESIGHT_ReadAPDPReg(DP reg 0x01)
T8798 000:732.561   Value=0xF0000F40
T8798 000:732.622 - 0.284ms returns 0
T8798 000:732.660 JLINK_CORESIGHT_WriteAPDPReg(DP reg 0x01, 0xA0000F40)
T8798 000:732.923 - 0.262ms returns 0
T8798 000:732.980 JLINK_CORESIGHT_ReadAPDPReg(DP reg 0x01)
T8798 000:733.224   Value=0x00000F40
T8798 000:733.294 - 0.314ms returns 0
T8798 000:733.332 JLINK_ClrRESET()
T8798 000:733.615 - 0.282ms
T8798 000:842.263 JLINK_Close()
T8798 000:854.875 - 12.611ms
T8798 000:854.955   
T8798 000:854.988   Closed
